<?xml version="1.0" encoding="UTF-8"?>
<!-- Generated by org.testng.reporters.JUnitReportReporter -->
<testsuite hostname="DESKTOP-02PI66G" name="com.training.sanity.tests.RTTC_063" tests="4" failures="0" timestamp="31 Jul 2019 05:21:10 GMT" time="132.393" errors="0">
  <testcase name="retailLogin" time="23.190" classname="com.training.sanity.tests.RTTC_063"/>
  <testcase name="retailLogin2" time="12.188" classname="com.training.sanity.tests.RTTC_063"/>
  <testcase name="retailLogin4" time="18.291" classname="com.training.sanity.tests.RTTC_063"/>
  <testcase name="retailLogin3" time="78.724" classname="com.training.sanity.tests.RTTC_063"/>
</testsuite> <!-- com.training.sanity.tests.RTTC_063 -->
