<?xml version="1.0" encoding="UTF-8"?>
<!-- Generated by org.testng.reporters.JUnitReportReporter -->
<testsuite hostname="DESKTOP-02PI66G" name="com.training.sanity.tests.RTTC_003" tests="1" failures="0" timestamp="5 Jul 2019 08:49:04 GMT" time="27.477" errors="0">
  <testcase name="Login" time="27.477" classname="com.training.sanity.tests.RTTC_003"/>
</testsuite> <!-- com.training.sanity.tests.RTTC_003 -->
