<?xml version="1.0" encoding="UTF-8"?>
<!-- Generated by org.testng.reporters.JUnitReportReporter -->
<testsuite hostname="DESKTOP-02PI66G" name="com.training.sanity.tests.RTTC_001" tests="1" failures="0" timestamp="5 Jul 2019 08:47:15 GMT" time="23.007" errors="0">
  <testcase name="retailLogin" time="23.007" classname="com.training.sanity.tests.RTTC_001"/>
</testsuite> <!-- com.training.sanity.tests.RTTC_001 -->
