<?xml version="1.0" encoding="UTF-8"?>
<!-- Generated by org.testng.reporters.JUnitReportReporter -->
<testsuite hostname="DESKTOP-02PI66G" name="com.training.sanity.tests.RTTC_062" tests="4" failures="0" timestamp="23 Jul 2019 13:25:50 GMT" time="63.464" errors="0">
  <testcase name="retailLogin" time="18.037" classname="com.training.sanity.tests.RTTC_062"/>
  <testcase name="retailLogin2" time="16.192" classname="com.training.sanity.tests.RTTC_062"/>
  <testcase name="retailLogin4" time="14.090" classname="com.training.sanity.tests.RTTC_062"/>
  <testcase name="retailLogin3" time="15.145" classname="com.training.sanity.tests.RTTC_062"/>
</testsuite> <!-- com.training.sanity.tests.RTTC_062 -->
