<?xml version="1.0" encoding="UTF-8"?>
<!-- Generated by org.testng.reporters.JUnitReportReporter -->
<testsuite hostname="DESKTOP-02PI66G" name="com.training.sanity.tests.RTTC_031" tests="4" failures="0" timestamp="12 Jul 2019 07:16:42 GMT" time="17.609" errors="0">
  <testcase name="Login3" time="2.294" classname="com.training.sanity.tests.RTTC_031"/>
  <testcase name="Login2" time="2.560" classname="com.training.sanity.tests.RTTC_031"/>
  <testcase name="Login4" time="2.198" classname="com.training.sanity.tests.RTTC_031"/>
  <testcase name="Login1" time="10.557" classname="com.training.sanity.tests.RTTC_031"/>
</testsuite> <!-- com.training.sanity.tests.RTTC_031 -->
