<?xml version="1.0" encoding="UTF-8"?>
<!-- Generated by org.testng.reporters.JUnitReportReporter -->
<testsuite hostname="DESKTOP-02PI66G" name="com.training.sanity.tests.RTTC_032" tests="1" failures="0" timestamp="12 Jul 2019 07:23:00 GMT" time="45.972" errors="0">
  <testcase name="Addkart" time="45.972" classname="com.training.sanity.tests.RTTC_032"/>
</testsuite> <!-- com.training.sanity.tests.RTTC_032 -->
