<?xml version="1.0" encoding="UTF-8"?>
<!-- Generated by org.testng.reporters.JUnitReportReporter -->
<testsuite hostname="DESKTOP-02PI66G" name="com.training.sanity.tests.RTTC_002" tests="1" failures="0" timestamp="5 Jul 2019 08:48:08 GMT" time="20.167" errors="0">
  <testcase name="Login" time="20.167" classname="com.training.sanity.tests.RTTC_002"/>
</testsuite> <!-- com.training.sanity.tests.RTTC_002 -->
