<?xml version="1.0" encoding="UTF-8"?>
<!-- Generated by org.testng.reporters.JUnitReportReporter -->
<testsuite hostname="DESKTOP-02PI66G" name="com.training.sanity.tests.RTTC_033" tests="1" failures="0" timestamp="15 Jul 2019 11:38:15 GMT" time="72.750" errors="0">
  <testcase name="Addkart" time="72.750" classname="com.training.sanity.tests.RTTC_033"/>
</testsuite> <!-- com.training.sanity.tests.RTTC_033 -->
