<?xml version="1.0" encoding="UTF-8"?>
<!-- Generated by org.testng.reporters.JUnitReportReporter -->
<testsuite hostname="DESKTOP-02PI66G" name="com.training.sanity.tests.Retailm1Login" tests="1" failures="0" timestamp="4 Jul 2019 13:50:54 GMT" time="27.875" errors="0">
  <testcase name="retailLogin" time="27.875" classname="com.training.sanity.tests.Retailm1Login"/>
</testsuite> <!-- com.training.sanity.tests.Retailm1Login -->
